<?xml version="1.0" encoding="utf-8"?>
<testsuites time="40.789" tests="3" failures="2">
  <testsuite id="0" name="Royale.Test.dll" tests="3" failures="2" time="40.789">
    <testcase classname="Royale.Test.CardTests" name="Ice_Spirit" time="2.1468710" />
    <testcase classname="Royale.Test.CardTests" name="Ice_Spirit_are_correct_on_Card_Details_Page" time="16.9839060">
      <error message="OpenQA.Selenium.NoSuchElementException : no such element: Unable to locate element: {&quot;method&quot;:&quot;css selector&quot;,&quot;selector&quot;:&quot;a[href*='Ice+Spirit']&quot;}&#xD;&#xA;  (Session info: chrome=79.0.3945.88)">   at OpenQA.Selenium.Remote.RemoteWebDriver.UnpackAndThrowOnError(Response errorResponse)
   at OpenQA.Selenium.Remote.RemoteWebDriver.Execute(String driverCommandToExecute, Dictionary`2 parameters)
   at OpenQA.Selenium.Remote.RemoteWebDriver.FindElement(String mechanism, String value)
   at OpenQA.Selenium.Remote.RemoteWebDriver.FindElementByCssSelector(String cssSelector)
   at OpenQA.Selenium.By.&lt;&gt;c__DisplayClass23_0.&lt;CssSelector&gt;b__0(ISearchContext context)
   at OpenQA.Selenium.By.FindElement(ISearchContext context)
   at OpenQA.Selenium.Remote.RemoteWebDriver.FindElement(By by)
   at Royale.Test.CardTests.Ice_Spirit_are_correct_on_Card_Details_Page() in C:\Users\USER\source\repos\StatsRoyale\Royale.Test\CardTests.cs:line 54</error>
    </testcase>
    <testcase classname="Royale.Test.CardTests" name="Ice_Spirit_is_on_Cards_Page" time="21.6581640">
      <error message="OpenQA.Selenium.NoSuchElementException : no such element: Unable to locate element: {&quot;method&quot;:&quot;css selector&quot;,&quot;selector&quot;:&quot;a[href*='Ice+Spirit']&quot;}&#xD;&#xA;  (Session info: chrome=79.0.3945.88)">   at OpenQA.Selenium.Remote.RemoteWebDriver.UnpackAndThrowOnError(Response errorResponse)
   at OpenQA.Selenium.Remote.RemoteWebDriver.Execute(String driverCommandToExecute, Dictionary`2 parameters)
   at OpenQA.Selenium.Remote.RemoteWebDriver.FindElement(String mechanism, String value)
   at OpenQA.Selenium.Remote.RemoteWebDriver.FindElementByCssSelector(String cssSelector)
   at OpenQA.Selenium.By.&lt;&gt;c__DisplayClass23_0.&lt;CssSelector&gt;b__0(ISearchContext context)
   at OpenQA.Selenium.By.FindElement(ISearchContext context)
   at OpenQA.Selenium.Remote.RemoteWebDriver.FindElement(By by)
   at Royale.Test.CardTests.Ice_Spirit_is_on_Cards_Page() in C:\Users\USER\source\repos\StatsRoyale\Royale.Test\CardTests.cs:line 41</error>
    </testcase>
  </testsuite>
</testsuites>